Warning: ignoring unsupported tag `ALLOW_UNICODE_NAMES    =' at line 79, file /home/travis/build/sflis/MLSandbox/docs/Doxyfile
Warning: ignoring unsupported tag `GROUP_NESTED_COMPOUNDS =' at line 351, file /home/travis/build/sflis/MLSandbox/docs/Doxyfile
Warning: ignoring unsupported tag `HIDE_COMPOUND_REFERENCE=' at line 522, file /home/travis/build/sflis/MLSandbox/docs/Doxyfile
Warning: ignoring unsupported tag `WARN_AS_ERROR          =' at line 746, file /home/travis/build/sflis/MLSandbox/docs/Doxyfile
Warning: Tag `CLANG_ASSISTED_PARSING' at line 1020 of file /home/travis/build/sflis/MLSandbox/docs/Doxyfile belongs to an option that was not enabled at compile time.
To avoid this warning please remove this line from your configuration file, upgrade it using "doxygen -u", or recompile doxygen with this feature enabled.
Warning: Tag `CLANG_OPTIONS' at line 1028 of file /home/travis/build/sflis/MLSandbox/docs/Doxyfile belongs to an option that was not enabled at compile time.
To avoid this warning please remove this line from your configuration file, upgrade it using "doxygen -u", or recompile doxygen with this feature enabled.
Warning: ignoring unsupported tag `LATEX_EXTRA_STYLESHEET =' at line 1700, file /home/travis/build/sflis/MLSandbox/docs/Doxyfile
Warning: ignoring unsupported tag `LATEX_TIMESTAMP        =' at line 1767, file /home/travis/build/sflis/MLSandbox/docs/Doxyfile
Warning: ignoring unsupported tag `RTF_SOURCE_CODE        =' at line 1833, file /home/travis/build/sflis/MLSandbox/docs/Doxyfile
Warning: ignoring unsupported tag `MAN_SUBDIR             =' at line 1868, file /home/travis/build/sflis/MLSandbox/docs/Doxyfile
Warning: ignoring unsupported tag `DOCBOOK_PROGRAMLISTING =' at line 1931, file /home/travis/build/sflis/MLSandbox/docs/Doxyfile
Warning: ignoring unsupported tag `PLANTUML_JAR_PATH      =' at line 2362, file /home/travis/build/sflis/MLSandbox/docs/Doxyfile
Warning: ignoring unsupported tag `PLANTUML_INCLUDE_PATH  =' at line 2367, file /home/travis/build/sflis/MLSandbox/docs/Doxyfile
Searching for include files...
Searching for example files...
Searching for images...
Searching for dot files...
Searching for msc files...
Searching for dia files...
Searching for files to exclude
Searching for files to process...
Searching for files in directory /home/travis/build/sflis/MLSandbox/private/MLSandbox
Searching for files in directory /home/travis/build/sflis/MLSandbox/private/pybindings
Searching for files in directory /home/travis/build/sflis/MLSandbox/public/MLSandbox
Reading and parsing tag files
Parsing files
Preprocessing /home/travis/build/sflis/MLSandbox/private/MLSandbox/CombinedLikelihood.cxx...
Parsing file /home/travis/build/sflis/MLSandbox/private/MLSandbox/CombinedLikelihood.cxx...
Preprocessing /home/travis/build/sflis/MLSandbox/private/MLSandbox/Distribution.cxx...
Parsing file /home/travis/build/sflis/MLSandbox/private/MLSandbox/Distribution.cxx...
Preprocessing /home/travis/build/sflis/MLSandbox/private/MLSandbox/FCRanks.cxx...
Parsing file /home/travis/build/sflis/MLSandbox/private/MLSandbox/FCRanks.cxx...
Preprocessing /home/travis/build/sflis/MLSandbox/private/MLSandbox/FeldmanCousins.cxx...
Parsing file /home/travis/build/sflis/MLSandbox/private/MLSandbox/FeldmanCousins.cxx...
Preprocessing /home/travis/build/sflis/MLSandbox/private/MLSandbox/Likelihood.cxx...
Parsing file /home/travis/build/sflis/MLSandbox/private/MLSandbox/Likelihood.cxx...
Preprocessing /home/travis/build/sflis/MLSandbox/private/MLSandbox/LikelihoodCollection.cxx...
Parsing file /home/travis/build/sflis/MLSandbox/private/MLSandbox/LikelihoodCollection.cxx...
Preprocessing /home/travis/build/sflis/MLSandbox/private/MLSandbox/Minimizer.cxx...
Parsing file /home/travis/build/sflis/MLSandbox/private/MLSandbox/Minimizer.cxx...
Preprocessing /home/travis/build/sflis/MLSandbox/private/MLSandbox/NeymanAnalysis.cxx...
Parsing file /home/travis/build/sflis/MLSandbox/private/MLSandbox/NeymanAnalysis.cxx...
Preprocessing /home/travis/build/sflis/MLSandbox/private/MLSandbox/SignalContaminatedLH.cxx...
Parsing file /home/travis/build/sflis/MLSandbox/private/MLSandbox/SignalContaminatedLH.cxx...
Preprocessing /home/travis/build/sflis/MLSandbox/private/pybindings/bindingutils.h...
Parsing file /home/travis/build/sflis/MLSandbox/private/pybindings/bindingutils.h...
Preprocessing /home/travis/build/sflis/MLSandbox/private/pybindings/Distribution.cxx...
Parsing file /home/travis/build/sflis/MLSandbox/private/pybindings/Distribution.cxx...
Preprocessing /home/travis/build/sflis/MLSandbox/private/pybindings/FCRanks.cxx...
Parsing file /home/travis/build/sflis/MLSandbox/private/pybindings/FCRanks.cxx...
Preprocessing /home/travis/build/sflis/MLSandbox/private/pybindings/FeldmanCousins.cxx...
Parsing file /home/travis/build/sflis/MLSandbox/private/pybindings/FeldmanCousins.cxx...
Preprocessing /home/travis/build/sflis/MLSandbox/private/pybindings/Likelihood.cxx...
Parsing file /home/travis/build/sflis/MLSandbox/private/pybindings/Likelihood.cxx...
Preprocessing /home/travis/build/sflis/MLSandbox/private/pybindings/Minimizer.cxx...
Parsing file /home/travis/build/sflis/MLSandbox/private/pybindings/Minimizer.cxx...
Preprocessing /home/travis/build/sflis/MLSandbox/private/pybindings/module.cxx...
Parsing file /home/travis/build/sflis/MLSandbox/private/pybindings/module.cxx...
Preprocessing /home/travis/build/sflis/MLSandbox/private/pybindings/NeymanAnalysis.cxx...
Parsing file /home/travis/build/sflis/MLSandbox/private/pybindings/NeymanAnalysis.cxx...
Preprocessing /home/travis/build/sflis/MLSandbox/public/MLSandbox/CombinedLikelihood.h...
Parsing file /home/travis/build/sflis/MLSandbox/public/MLSandbox/CombinedLikelihood.h...
Preprocessing /home/travis/build/sflis/MLSandbox/public/MLSandbox/Distribution.h...
Parsing file /home/travis/build/sflis/MLSandbox/public/MLSandbox/Distribution.h...
Preprocessing /home/travis/build/sflis/MLSandbox/public/MLSandbox/FCRanks.h...
Parsing file /home/travis/build/sflis/MLSandbox/public/MLSandbox/FCRanks.h...
Preprocessing /home/travis/build/sflis/MLSandbox/public/MLSandbox/FeldmanCousins.h...
Parsing file /home/travis/build/sflis/MLSandbox/public/MLSandbox/FeldmanCousins.h...
Preprocessing /home/travis/build/sflis/MLSandbox/public/MLSandbox/Likelihood.h...
Parsing file /home/travis/build/sflis/MLSandbox/public/MLSandbox/Likelihood.h...
Preprocessing /home/travis/build/sflis/MLSandbox/public/MLSandbox/LikelihoodCollection.h...
Parsing file /home/travis/build/sflis/MLSandbox/public/MLSandbox/LikelihoodCollection.h...
Preprocessing /home/travis/build/sflis/MLSandbox/public/MLSandbox/Minimizer.h...
Parsing file /home/travis/build/sflis/MLSandbox/public/MLSandbox/Minimizer.h...
Preprocessing /home/travis/build/sflis/MLSandbox/public/MLSandbox/NeymanAnalysis.h...
Parsing file /home/travis/build/sflis/MLSandbox/public/MLSandbox/NeymanAnalysis.h...
Preprocessing /home/travis/build/sflis/MLSandbox/public/MLSandbox/RNG.h...
Parsing file /home/travis/build/sflis/MLSandbox/public/MLSandbox/RNG.h...
Preprocessing /home/travis/build/sflis/MLSandbox/public/MLSandbox/SignalContaminatedLH.h...
Parsing file /home/travis/build/sflis/MLSandbox/public/MLSandbox/SignalContaminatedLH.h...
Building group list...
Building directory list...
Building namespace list...
Building file list...
Building class list...
Associating documentation with classes...
Computing nesting relations for classes...
Building example list...
Searching for enumerations...
Searching for documented typedefs...
Searching for members imported via using declarations...
Searching for included using directives...
Searching for documented variables...
Building interface member list...
Building member list...
Searching for friends...
Searching for documented defines...
Computing class inheritance relations...
Computing class usage relations...
Flushing cached template relations that have become invalid...
Creating members for template instances...
Computing class relations...
Add enum values to enums...
Searching for member function documentation...
Building page list...
Search for main page...
Computing page relations...
Determining the scope of groups...
Sorting lists...
Freeing entry tree
Determining which enums are documented
Computing member relations...
Building full member lists recursively...
Adding members to member groups.
Computing member references...
Inheriting documentation...
Generating disk names...
Adding source references...
Adding xrefitems...
Sorting member lists...
Computing dependencies between directories...
Generating citations page...
Counting data structures...
Resolving user defined references...
Finding anchors and sections in the documentation...
Transferring function references...
Combining using relations...
Adding members to index pages...
Generating style sheet...
Generating search indices...
Generating example documentation...
Generating file sources...
Generating code for file /home/travis/build/sflis/MLSandbox/private/pybindings/bindingutils.h...
Generating code for file /home/travis/build/sflis/MLSandbox/public/MLSandbox/CombinedLikelihood.h...
Generating code for file /home/travis/build/sflis/MLSandbox/public/MLSandbox/Distribution.h...
Generating code for file /home/travis/build/sflis/MLSandbox/public/MLSandbox/FCRanks.h...
Generating code for file /home/travis/build/sflis/MLSandbox/public/MLSandbox/FeldmanCousins.h...
Generating code for file /home/travis/build/sflis/MLSandbox/public/MLSandbox/Likelihood.h...
Generating code for file /home/travis/build/sflis/MLSandbox/public/MLSandbox/LikelihoodCollection.h...
Generating code for file /home/travis/build/sflis/MLSandbox/public/MLSandbox/Minimizer.h...
Generating code for file /home/travis/build/sflis/MLSandbox/public/MLSandbox/NeymanAnalysis.h...
Generating code for file /home/travis/build/sflis/MLSandbox/public/MLSandbox/RNG.h...
Generating code for file /home/travis/build/sflis/MLSandbox/public/MLSandbox/SignalContaminatedLH.h...
Generating file documentation...
Generating docs for file /home/travis/build/sflis/MLSandbox/private/MLSandbox/CombinedLikelihood.cxx...
Generating docs for file /home/travis/build/sflis/MLSandbox/private/MLSandbox/Distribution.cxx...
Generating docs for file /ho/home/travis/build/sflis/MLSandbox/public/MLSandbox/FCRanks.h:82: warning: The following parameters of FCRanks::Fill(double xi, std::vector< double > &ranks, bool set=true, bool overwrite=false) are not documented:
  parameter 'overwrite'
/home/travis/build/sflis/MLSandbox/public/MLSandbox/FCRanks.h:137: warning: The following parameters of FCRanks::rCB(double xi, bool assumeChiSquareDistr=false) are not documented:
  parameter 'assumeChiSquareDistr'
/home/travis/build/sflis/MLSandbox/public/MLSandbox/Likelihood.h:169: warning: The following parameters of ShapeLikelihood::ShapeLikelihood(const Distribution &signal, const Distribution &background, const Distribution &signalSample, const Distribution &backgroundSample, double N, bool histograming=false, bool poissonSampling=false, int seed=1) are not documented:
  parameter 'backgroundSample'
  parameter 'histograming'
  parameter 'poissonSampling'
/home/travis/build/sflis/MLSandbox/public/MLSandbox/Likelihood.h:201: warning: The following parameters of ShapeLikelihood::ShapeLikelihood(const Distribution &signal, const Distribution &background, const Distribution &signalSample, const Distribution &backgroundSample, double N, int seed=1) are not documented:
  parameter 'backgroundSample'
This is pdfTeX, Version 3.1415926-2.5-1.40.14 (TeX Live 2013/Debian)
 restricted \write18 enabled.
entering extended mode
(./_formulas.tex
LaTeX2e <2011/06/27>
Babel <3.9h> and hyphenation patterns for 2 languages loaded.
(/usr/share/texlive/texmf-dist/tex/latex/base/article.cls
Document Class: article 2007/10/19 v1.4h Standard LaTeX document class
(/usr/share/texlive/texmf-dist/tex/latex/base/size10.clo))
(/usr/share/texlive/texmf-dist/tex/latex/graphics/epsfig.sty
(/usr/share/texlive/texmf-dist/tex/latex/graphics/graphicx.sty
(/usr/share/texlive/texmf-dist/tex/latex/graphics/keyval.sty)
(/usr/share/texlive/texmf-dist/tex/latex/graphics/graphics.sty
(/usr/share/texlive/texmf-dist/tex/latex/graphics/trig.sty)
(/usr/share/texlive/texmf-dist/tex/latex/latexconfig/graphics.cfg)
(/usr/share/texlive/texmf-dist/tex/latex/graphics/dvips.def))))
No file _formulas.aux.
[1] [2] (./_formulas.aux) )
Output written on _formulas.dvi (2 pages, 676 bytes).
Transcript written on _formulas.log.
me/travis/build/sflis/MLSandbox/private/pybindings/Distribution.cxx...
Generating docs for file /home/travis/build/sflis/MLSandbox/private/MLSandbox/FCRanks.cxx...
Generating docs for file /home/travis/build/sflis/MLSandbox/private/pybindings/FCRanks.cxx...
Generating docs for file /home/travis/build/sflis/MLSandbox/private/MLSandbox/FeldmanCousins.cxx...
Generating docs for file /home/travis/build/sflis/MLSandbox/private/pybindings/FeldmanCousins.cxx...
Generating docs for file /home/travis/build/sflis/MLSandbox/private/MLSandbox/Likelihood.cxx...
Generating docs for file /home/travis/build/sflis/MLSandbox/private/pybindings/Likelihood.cxx...
Generating docs for file /home/travis/build/sflis/MLSandbox/private/MLSandbox/LikelihoodCollection.cxx...
Generating docs for file /home/travis/build/sflis/MLSandbox/private/MLSandbox/Minimizer.cxx...
Generating docs for file /home/travis/build/sflis/MLSandbox/private/pybindings/Minimizer.cxx...
Generating docs for file /home/travis/build/sflis/MLSandbox/private/MLSandbox/NeymanAnalysis.cxx...
Generating docs for file /home/travis/build/sflis/MLSandbox/private/pybindings/NeymanAnalysis.cxx...
Generating docs for file /home/travis/build/sflis/MLSandbox/private/MLSandbox/SignalContaminatedLH.cxx...
Generating docs for file /home/travis/build/sflis/MLSandbox/private/pybindings/bindingutils.h...
Generating docs for file /home/travis/build/sflis/MLSandbox/private/pybindings/module.cxx...
Generating docs for file /home/travis/build/sflis/MLSandbox/public/MLSandbox/CombinedLikelihood.h...
Generating docs for file /home/travis/build/sflis/MLSandbox/public/MLSandbox/Distribution.h...
Generating docs for file /home/travis/build/sflis/MLSandbox/public/MLSandbox/FCRanks.h...
Generating docs for file /home/travis/build/sflis/MLSandbox/public/MLSandbox/FeldmanCousins.h...
Generating docs for file /home/travis/build/sflis/MLSandbox/public/MLSandbox/Likelihood.h...
Generating docs for file /home/travis/build/sflis/MLSandbox/public/MLSandbox/LikelihoodCollection.h...
Generating docs for file /home/travis/build/sflis/MLSandbox/public/MLSandbox/Minimizer.h...
Generating docs for file /home/travis/build/sflis/MLSandbox/public/MLSandbox/NeymanAnalysis.h...
Generating docs for file /home/travis/build/sflis/MLSandbox/public/MLSandbox/RNG.h...
Generating docs for file /home/travis/build/sflis/MLSandbox/public/MLSandbox/SignalContaminatedLH.h...
Generating page documentation...
Generating group documentation...
Generating class documentation...
Generating docs for compound BinnedLikelihood...
Generating docs for compound CombinedLikelihood...
Generating docs for compound Distribution...
Generating docs for compound FCRanks...
Generating docs for compound FCThreadData...
Generating docs for compound FeldmanCousinsAnalysis...
Generating docs for compound job...
Generating docs for compound Likelihood...
Generating docs for compound LikelihoodCollection...
Generating docs for compound Minimizer...
Generating docs for compound NeymanAnalysis...
Generating docs for compound NeymanThreadData...
Generating docs for compound RNG...
Generating docs for compound ShapeLikelihood...
Generating docs for compound SignalContaminatedLH...
Generating namespace index...
Generating docs for namespace mlsandbox
Generating docs for namespace mlsandbox::python
Generating graph info page...
Generating directory documentation...
Generating dependency graph for directory /home/travis/build/sflis/MLSandbox/public/MLSandbox
Generating dependency graph for directory /home/travis/build/sflis/MLSandbox/private/MLSandbox
Generating dependency graph for directory /home/travis/build/sflis/MLSandbox/private
Generating dependency graph for directory /home/travis/build/sflis/MLSandbox/public
Generating dependency graph for directory /home/travis/build/sflis/MLSandbox/private/pybindings
Generating bitmaps for formulas in HTML...
Generating image form_0.png for formula
Generating image form_1.png for formula
Generating index page...
Generating page index...
Generating module index...
Generating namespace index...
Generating namespace member index...
Generating annotated compound index...
Generating alphabetical compound index...
Generating hierarchical class index...
Generating graphical class hierarchy...
Generating member index...
Generating file index...
Generating file member index...
Generating example index...
finalizing index lists...
Running dot...
Generating dot graphs using 3 parallel threads...
Running dot for graph 1/127
Running dot for graph 2/127
Running dot for graph 3/127
Running dot for graph 4/127
Running dot for graph 5/127
Running dot for graph 6/127
Running dot for graph 7/127
Running dot for graph 8/127
Running dot for graph 9/127
Running dot for graph 10/127
Running dot for graph 11/127
Running dot for graph 12/127
Running dot for graph 13/127
Running dot for graph 14/127
Running dot for graph 15/127
Running dot for graph 16/127
Running dot for graph 17/127
Running dot for graph 18/127
Running dot for graph 19/127
Running dot for graph 20/127
Running dot for graph 21/127
Running dot for graph 22/127
Running dot for graph 23/127
Running dot for graph 24/127
Running dot for graph 25/127
Running dot for graph 26/127
Running dot for graph 27/127
Running dot for graph 28/127
Running dot for graph 29/127
Running dot for graph 30/127
Running dot for graph 31/127
Running dot for graph 32/127
Running dot for graph 33/127
Running dot for graph 34/127
Running dot for graph 35/127
Running dot for graph 36/127
Running dot for graph 37/127
Running dot for graph 38/127
Running dot for graph 39/127
Running dot for graph 40/127
Running dot for graph 41/127
Running dot for graph 42/127
Running dot for graph 43/127
Running dot for graph 44/127
Running dot for graph 45/127
Running dot for graph 46/127
Running dot for graph 47/127
Running dot for graph 48/127
Running dot for graph 49/127
Running dot for graph 50/127
Running dot for graph 51/127
Running dot for graph 52/127
Running dot for graph 53/127
Running dot for graph 54/127
Running dot for graph 55/127
Running dot for graph 56/127
Running dot for graph 57/127
Running dot for graph 58/127
Running dot for graph 59/127
Running dot for graph 60/127
Running dot for graph 61/127
Running dot for graph 62/127
Running dot for graph 63/127
Running dot for graph 64/127
Running dot for graph 65/127
Running dot for graph 66/127
Running dot for graph 67/127
Running dot for graph 68/127
Running dot for graph 69/127
Running dot for graph 70/127
Running dot for graph 71/127
Running dot for graph 72/127
Running dot for graph 73/127
Running dot for graph 74/127
Running dot for graph 75/127
Running dot for graph 76/127
Running dot for graph 77/127
Running dot for graph 78/127
Running dot for graph 79/127
Running dot for graph 80/127
Running dot for graph 81/127
Running dot for graph 82/127
Running dot for graph 83/127
Running dot for graph 84/127
Running dot for graph 85/127
Running dot for graph 86/127
Running dot for graph 87/127
Running dot for graph 88/127
Running dot for graph 89/127
Running dot for graph 90/127
Running dot for graph 91/127
Running dot for graph 92/127
Running dot for graph 93/127
Running dot for graph 94/127
Running dot for graph 95/127
Running dot for graph 96/127
Running dot for graph 97/127
Running dot for graph 98/127
Running dot for graph 99/127
Running dot for graph 100/127
Running dot for graph 101/127
Running dot for graph 102/127
Running dot for graph 103/127
Running dot for graph 104/127
Running dot for graph 105/127
Running dot for graph 106/127
Running dot for graph 107/127
Running dot for graph 108/127
Running dot for graph 109/127
Running dot for graph 110/127
Running dot for graph 111/127
Running dot for graph 112/127
Running dot for graph 113/127
Running dot for graph 114/127
Running dot for graph 115/127
Running dot for graph 116/127
Running dot for graph 117/127
Running dot for graph 118/127
Running dot for graph 119/127
Running dot for graph 120/127
Running dot for graph 121/127
Running dot for graph 122/127
Running dot for graph 123/127
Running dot for graph 124/127
Running dot for graph 125/127
Running dot for graph 126/127
Running dot for graph 127/127
Patching output file 1/85
Patching output file 2/85
Patching output file 3/85
Patching output file 4/85
Patching output file 5/85
Patching output file 6/85
Patching output file 7/85
Patching output file 8/85
Patching output file 9/85
Patching output file 10/85
Patching output file 11/85
Patching output file 12/85
Patching output file 13/85
Patching output file 14/85
Patching output file 15/85
Patching output file 16/85
Patching output file 17/85
Patching output file 18/85
Patching output file 19/85
Patching output file 20/85
Patching output file 21/85
Patching output file 22/85
Patching output file 23/85
Patching output file 24/85
Patching output file 25/85
Patching output file 26/85
Patching output file 27/85
Patching output file 28/85
Patching output file 29/85
Patching output file 30/85
Patching output file 31/85
Patching output file 32/85
Patching output file 33/85
Patching output file 34/85
Patching output file 35/85
Patching output file 36/85
Patching output file 37/85
Patching output file 38/85
Patching output file 39/85
Patching output file 40/85
Patching output file 41/85
Patching output file 42/85
Patching output file 43/85
Patching output file 44/85
Patching output file 45/85
Patching output file 46/85
Patching output file 47/85
Patching output file 48/85
Patching output file 49/85
Patching output file 50/85
Patching output file 51/85
Patching output file 52/85
Patching output file 53/85
Patching output file 54/85
Patching output file 55/85
Patching output file 56/85
Patching output file 57/85
Patching output file 58/85
Patching output file 59/85
Patching output file 60/85
Patching output file 61/85
Patching output file 62/85
Patching output file 63/85
Patching output file 64/85
Patching output file 65/85
Patching output file 66/85
Patching output file 67/85
Patching output file 68/85
Patching output file 69/85
Patching output file 70/85
Patching output file 71/85
Patching output file 72/85
Patching output file 73/85
Patching output file 74/85
Patching output file 75/85
Patching output file 76/85
Patching output file 77/85
Patching output file 78/85
Patching output file 79/85
Patching output file 80/85
Patching output file 81/85
Patching output file 82/85
Patching output file 83/85
Patching output file 84/85
Patching output file 85/85
lookup cache used 502/65536 hits=2145 misses=519
finished...
